[13Jan2025 00:00:15.454] [Server thread/INFO] [net.minecraft.server.MinecraftServer/]: BastiMC was slain by The Decaying King
[13Jan2025 00:00:15.478] [Server thread/INFO] [com.tiviacz.travelersbackpack.TravelersBackpack/]: Created new backpack backup file for BastiMC with unique ID travelersbackpack.standard_13.01.2025-00.00.15.dat
[13Jan2025 00:03:16.557] [Server thread/INFO] [net.minecraft.server.MinecraftServer/]: Mansana_12 was slain by The Decaying King
[13Jan2025 00:03:16.560] [Server thread/INFO] [com.tiviacz.travelersbackpack.TravelersBackpack/]: Created new backpack backup file for Mansana_12 with unique ID travelersbackpack.sheep_13.01.2025-00.03.16.dat
[13Jan2025 00:06:26.609] [Server thread/INFO] [net.minecraft.server.MinecraftServer/]: Mansana_12 was obliterated by The Decaying King
[13Jan2025 00:07:44.455] [Server thread/INFO] [net.minecraft.server.MinecraftServer/]: BastiMC burned to death
[13Jan2025 00:08:26.854] [Server thread/INFO] [net.minecraft.server.MinecraftServer/]: BastiMC was doomed to fall
[13Jan2025 00:08:57.827] [Server thread/WARN] [net.minecraft.server.level.ServerPlayerGameMode/]: Mismatch in destroy block pos: BlockPos{x=37, y=33, z=-16} BlockPos{x=37, y=32, z=-18}
[13Jan2025 00:08:59.902] [Server thread/INFO] [net.minecraft.server.MinecraftServer/]: Mansana_12 was slain by The Decaying King
[13Jan2025 00:08:59.906] [Server thread/INFO] [com.tiviacz.travelersbackpack.TravelersBackpack/]: Created new backpack backup file for Mansana_12 with unique ID travelersbackpack.sheep_13.01.2025-00.08.59.dat
[13Jan2025 00:10:42.403] [Server thread/INFO] [net.minecraft.server.MinecraftServer/]: BastiMC was slain by Piglin
[13Jan2025 00:11:39.854] [Server thread/INFO] [net.minecraft.server.MinecraftServer/]: BastiMC tried to swim in lava to escape Invading Forlorn
[13Jan2025 00:12:22.202] [Server thread/INFO] [net.minecraft.server.MinecraftServer/]: BastiMC was slain by Invading Forlorn
[13Jan2025 00:12:56.820] [Server thread/INFO] [net.minecraft.server.MinecraftServer/]: Mansana_12 tried to swim in lava
[13Jan2025 00:12:56.822] [Server thread/INFO] [com.tiviacz.travelersbackpack.TravelersBackpack/]: Created new backpack backup file for Mansana_12 with unique ID travelersbackpack.sheep_13.01.2025-00.12.56.dat
[13Jan2025 00:12:58.104] [Server thread/WARN] [net.minecraft.server.level.ServerEntity/]: Fetching packet for removed entity VampbiterEntity['Vampire Biter'/57176, l='ServerLevel[world]', x=-479.93, y=-10.82, z=36.20, removed=DISCARDED]
[13Jan2025 00:18:09.602] [Server thread/INFO] [net.minecraft.server.MinecraftServer/]: Mansana_12 tried to swim in lava to escape The Decaying King
[13Jan2025 00:18:09.605] [Server thread/INFO] [com.tiviacz.travelersbackpack.TravelersBackpack/]: Created new backpack backup file for Mansana_12 with unique ID travelersbackpack.sheep_13.01.2025-00.18.09.dat
[13Jan2025 00:18:12.497] [Server thread/WARN] [net.minecraft.server.level.ServerEntity/]: Fetching packet for removed entity VampbiterEntity['Vampire Biter'/57176, l='ServerLevel[world]', x=-479.93, y=-10.82, z=36.20, removed=DISCARDED]
[13Jan2025 00:18:51.428] [Server thread/INFO] [net.minecraft.server.MinecraftServer/]: Mansana_12 fell from a high place
[13Jan2025 00:18:52.790] [Server thread/WARN] [net.minecraft.server.level.ServerEntity/]: Fetching packet for removed entity VampbiterEntity['Vampire Biter'/57176, l='ServerLevel[world]', x=-479.93, y=-10.82, z=36.20, removed=DISCARDED]
[13Jan2025 00:19:56.053] [Server thread/INFO] [net.minecraft.server.MinecraftServer/]: BastiMC has completed the challenge [Oh, The Misery]
[13Jan2025 00:20:00.004] [Server thread/INFO] [net.minecraft.server.MinecraftServer/]: Mansana_12 tried to swim in lava
[13Jan2025 00:20:01.263] [Server thread/WARN] [net.minecraft.server.level.ServerEntity/]: Fetching packet for removed entity VampbiterEntity['Vampire Biter'/57176, l='ServerLevel[world]', x=-479.93, y=-10.82, z=36.20, removed=DISCARDED]
[13Jan2025 00:20:01.302] [Server thread/WARN] [net.minecraft.server.level.ServerEntity/]: Fetching packet for removed entity VampbiterEntity['Vampire Biter'/64448, l='ServerLevel[world]', x=-487.83, y=-12.18, z=57.05, removed=DISCARDED]
[13Jan2025 00:20:33.803] [Server thread/INFO] [net.minecraft.server.MinecraftServer/]: BastiMC has completed the challenge [Steeped in Strength]
[13Jan2025 00:26:04.603] [Server thread/WARN] [net.minecraft.server.network.ServerGamePacketListenerImpl/]: Mansana_12 was kicked for floating too long!
[13Jan2025 00:26:04.604] [Server thread/INFO] [net.minecraft.server.network.ServerGamePacketListenerImpl/]: Mansana_12 lost connection: Disconnected
[13Jan2025 00:26:04.604] [Server thread/INFO] [net.minecraft.server.MinecraftServer/]: Mansana_12 left the game
[13Jan2025 00:26:04.654] [Server thread/WARN] [net.minecraft.network.Connection/]: handleDisconnection() called twice
[13Jan2025 00:26:18.780] [Server thread/INFO] [net.minecraft.server.players.PlayerList/]: Mansana_12[/127.147.255.185:38585] logged in with entity id 65529 at (-16.420684077190156, 36.890447453259966, 11.089288110268203)
[13Jan2025 00:26:18.809] [Server thread/INFO] [net.minecraft.server.MinecraftServer/]: Mansana_12 joined the game
[13Jan2025 00:26:18.919] [Server thread/INFO] [Jade/]: Syncing config to Mansana_12 (887507c1-4fac-339a-a66d-6bdc5d5b0927)
[13Jan2025 00:26:36.651] [Server thread/INFO] [net.minecraft.server.MinecraftServer/]: Mansana_12 was slain by Firelight
[13Jan2025 00:26:39.694] [Server thread/WARN] [net.minecraft.server.level.ServerEntity/]: Fetching packet for removed entity VampbiterEntity['Vampire Biter'/57176, l='ServerLevel[world]', x=-479.93, y=-10.82, z=36.20, removed=DISCARDED]
[13Jan2025 00:26:39.696] [Server thread/WARN] [net.minecraft.server.level.ServerEntity/]: Fetching packet for removed entity VampbiterEntity['Vampire Biter'/64448, l='ServerLevel[world]', x=-487.83, y=-12.18, z=57.05, removed=DISCARDED]
[13Jan2025 00:28:22.702] [Server thread/INFO] [net.minecraft.server.MinecraftServer/]: BastiMC has made the advancement [Oh Shiny]
[13Jan2025 00:29:12.603] [Server thread/WARN] [net.minecraft.server.level.ServerEntity/]: Fetching packet for removed entity VampbiterEntity['Vampire Biter'/57176, l='ServerLevel[world]', x=-479.93, y=-10.82, z=36.20, removed=DISCARDED]
[13Jan2025 00:29:12.606] [Server thread/WARN] [net.minecraft.server.level.ServerEntity/]: Fetching packet for removed entity VampbiterEntity['Vampire Biter'/64448, l='ServerLevel[world]', x=-487.83, y=-12.18, z=57.05, removed=DISCARDED]
[13Jan2025 00:32:46.902] [Server thread/INFO] [net.minecraft.server.MinecraftServer/]: BastiMC has made the advancement [Wingin' It]
[13Jan2025 00:33:03.708] [Server thread/INFO] [net.minecraft.server.MinecraftServer/]: Mansana_12 discovered the floor was lava
[13Jan2025 00:33:03.715] [Server thread/INFO] [com.tiviacz.travelersbackpack.TravelersBackpack/]: Created new backpack backup file for Mansana_12 with unique ID travelersbackpack.sheep_13.01.2025-00.33.03.dat
[13Jan2025 00:33:05.062] [Server thread/WARN] [net.minecraft.server.level.ServerEntity/]: Fetching packet for removed entity VampbiterEntity['Vampire Biter'/57176, l='ServerLevel[world]', x=-479.93, y=-10.82, z=36.20, removed=DISCARDED]
[13Jan2025 00:33:05.063] [Server thread/WARN] [net.minecraft.server.level.ServerEntity/]: Fetching packet for removed entity VampbiterEntity['Vampire Biter'/64448, l='ServerLevel[world]', x=-487.83, y=-12.18, z=57.05, removed=DISCARDED]
[13Jan2025 00:36:50.706] [Server thread/INFO] [net.minecraft.server.MinecraftServer/]: Mansana_12 was slain by Piglin
[13Jan2025 00:36:50.709] [Server thread/INFO] [com.tiviacz.travelersbackpack.TravelersBackpack/]: Created new backpack backup file for Mansana_12 with unique ID travelersbackpack.sheep_13.01.2025-00.36.50.dat
[13Jan2025 00:36:51.905] [Server thread/WARN] [net.minecraft.server.level.ServerEntity/]: Fetching packet for removed entity VampbiterEntity['Vampire Biter'/57176, l='ServerLevel[world]', x=-479.93, y=-10.82, z=36.20, removed=DISCARDED]
[13Jan2025 00:36:51.906] [Server thread/WARN] [net.minecraft.server.level.ServerEntity/]: Fetching packet for removed entity VampbiterEntity['Vampire Biter'/64448, l='ServerLevel[world]', x=-487.83, y=-12.18, z=57.05, removed=DISCARDED]
